<?xml version="1.0" encoding="UTF-8"?>
<!-- Generated by org.testng.reporters.JUnitXMLReporter -->
<testsuite hostname="admin-PC" ignored="1" name="Default test" tests="1" failures="0" timestamp="15 May 2020 10:40:14 GMT" time="0.078" errors="0">
  <testcase name="app" time="0.022" classname="String_Programs.Swap_Two_Strings"/>
  <testcase name="openApp" time="0.0" classname="String_Programs.Swap_Two_Strings">
    <ignored/>
  </testcase> <!-- openApp -->
</testsuite> <!-- Default test -->
