<?xml version="1.0" encoding="UTF-8"?>
<testng-results skipped="0" failed="0" ignored="1" total="2" passed="1">
  <reporter-output>
  </reporter-output>
  <suite name="Default suite" duration-ms="78" started-at="2020-05-15T10:40:14Z" finished-at="2020-05-15T10:40:14Z">
    <groups>
    </groups>
    <test name="Default test" duration-ms="78" started-at="2020-05-15T10:40:14Z" finished-at="2020-05-15T10:40:14Z">
      <class name="String_Programs.Swap_Two_Strings">
        <test-method status="PASS" signature="app()[pri:0, instance:String_Programs.Swap_Two_Strings@643b1d11]" name="app" duration-ms="22" started-at="2020-05-15T10:40:14Z" finished-at="2020-05-15T10:40:14Z">
          <reporter-output>
          </reporter-output>
        </test-method> <!-- app -->
      </class> <!-- String_Programs.Swap_Two_Strings -->
    </test> <!-- Default test -->
  </suite> <!-- Default suite -->
</testng-results>
